1743367531.657215 client started (4067857): version 3.5a, socket /tmp/tmux-1000/default, protocol 8
1743367531.657237 on Linux 6.13.7-arch1-1 #1 SMP PREEMPT_DYNAMIC Thu, 13 Mar 2025 18:12:00 +0000
1743367531.657240 using libevent 2.1.12-stable poll
1743367531.657243 using ncurses 6.5 20240427
1743367531.657261 flags are 0x10010000
1743367531.657273 socket is /tmp/tmux-1000/default
1743367531.657281 trying connect
1743367531.657351 add peer 0x644e4aa09170: 6 ((nil))
1743367531.657605 sending message 111 to peer 0x644e4aa09170 (8 bytes)
1743367531.657609 sending message 111 to peer 0x644e4aa09170 (8 bytes)
1743367531.657612 sending message 101 to peer 0x644e4aa09170 (14 bytes)
1743367531.657614 sending message 109 to peer 0x644e4aa09170 (4 bytes)
1743367531.657616 sending message 102 to peer 0x644e4aa09170 (11 bytes)
1743367531.657619 sending message 108 to peer 0x644e4aa09170 (26 bytes)
1743367531.657621 sending message 112 to peer 0x644e4aa09170 (70 bytes)
1743367531.657623 sending message 112 to peer 0x644e4aa09170 (5 bytes)
1743367531.657625 sending message 112 to peer 0x644e4aa09170 (5 bytes)
1743367531.657628 sending message 112 to peer 0x644e4aa09170 (6 bytes)
1743367531.657630 sending message 112 to peer 0x644e4aa09170 (6 bytes)
1743367531.657632 sending message 112 to peer 0x644e4aa09170 (11 bytes)
1743367531.657634 sending message 112 to peer 0x644e4aa09170 (10 bytes)
1743367531.657636 sending message 112 to peer 0x644e4aa09170 (13 bytes)
1743367531.657638 sending message 112 to peer 0x644e4aa09170 (13 bytes)
1743367531.657640 sending message 112 to peer 0x644e4aa09170 (18 bytes)
1743367531.657642 sending message 112 to peer 0x644e4aa09170 (11 bytes)
1743367531.657644 sending message 112 to peer 0x644e4aa09170 (10 bytes)
1743367531.657646 sending message 112 to peer 0x644e4aa09170 (15 bytes)
1743367531.657649 sending message 112 to peer 0x644e4aa09170 (21 bytes)
1743367531.657651 sending message 112 to peer 0x644e4aa09170 (13 bytes)
1743367531.657653 sending message 112 to peer 0x644e4aa09170 (7 bytes)
1743367531.657655 sending message 112 to peer 0x644e4aa09170 (13 bytes)
1743367531.657657 sending message 112 to peer 0x644e4aa09170 (7 bytes)
1743367531.657659 sending message 112 to peer 0x644e4aa09170 (13 bytes)
1743367531.657661 sending message 112 to peer 0x644e4aa09170 (9 bytes)
1743367531.657663 sending message 112 to peer 0x644e4aa09170 (21 bytes)
1743367531.657665 sending message 112 to peer 0x644e4aa09170 (13 bytes)
1743367531.657667 sending message 112 to peer 0x644e4aa09170 (8 bytes)
1743367531.657669 sending message 112 to peer 0x644e4aa09170 (12 bytes)
1743367531.657672 sending message 112 to peer 0x644e4aa09170 (13 bytes)
1743367531.657674 sending message 112 to peer 0x644e4aa09170 (9 bytes)
1743367531.657676 sending message 112 to peer 0x644e4aa09170 (9 bytes)
1743367531.657678 sending message 112 to peer 0x644e4aa09170 (12 bytes)
1743367531.657680 sending message 112 to peer 0x644e4aa09170 (8 bytes)
1743367531.657682 sending message 112 to peer 0x644e4aa09170 (8 bytes)
1743367531.657684 sending message 112 to peer 0x644e4aa09170 (7 bytes)
1743367531.657686 sending message 112 to peer 0x644e4aa09170 (7 bytes)
1743367531.657688 sending message 112 to peer 0x644e4aa09170 (9 bytes)
1743367531.657690 sending message 112 to peer 0x644e4aa09170 (13 bytes)
1743367531.657692 sending message 112 to peer 0x644e4aa09170 (6 bytes)
1743367531.657694 sending message 112 to peer 0x644e4aa09170 (9 bytes)
1743367531.657697 sending message 112 to peer 0x644e4aa09170 (15 bytes)
1743367531.657699 sending message 112 to peer 0x644e4aa09170 (13 bytes)
1743367531.657701 sending message 112 to peer 0x644e4aa09170 (12 bytes)
1743367531.657703 sending message 112 to peer 0x644e4aa09170 (8 bytes)
1743367531.657705 sending message 112 to peer 0x644e4aa09170 (14 bytes)
1743367531.657707 sending message 112 to peer 0x644e4aa09170 (11 bytes)
1743367531.657709 sending message 112 to peer 0x644e4aa09170 (9 bytes)
1743367531.657711 sending message 112 to peer 0x644e4aa09170 (10 bytes)
1743367531.657713 sending message 112 to peer 0x644e4aa09170 (10 bytes)
1743367531.657720 sending message 112 to peer 0x644e4aa09170 (10 bytes)
1743367531.657722 sending message 112 to peer 0x644e4aa09170 (10 bytes)
1743367531.657724 sending message 112 to peer 0x644e4aa09170 (11 bytes)
1743367531.657726 sending message 112 to peer 0x644e4aa09170 (12 bytes)
1743367531.657728 sending message 112 to peer 0x644e4aa09170 (12 bytes)
1743367531.657731 sending message 112 to peer 0x644e4aa09170 (12 bytes)
1743367531.657733 sending message 112 to peer 0x644e4aa09170 (12 bytes)
1743367531.657735 sending message 112 to peer 0x644e4aa09170 (12 bytes)
1743367531.657737 sending message 112 to peer 0x644e4aa09170 (11 bytes)
1743367531.657739 sending message 112 to peer 0x644e4aa09170 (11 bytes)
1743367531.657741 sending message 112 to peer 0x644e4aa09170 (12 bytes)
1743367531.657743 sending message 112 to peer 0x644e4aa09170 (12 bytes)
1743367531.657745 sending message 112 to peer 0x644e4aa09170 (12 bytes)
1743367531.657747 sending message 112 to peer 0x644e4aa09170 (12 bytes)
1743367531.657749 sending message 112 to peer 0x644e4aa09170 (12 bytes)
1743367531.657751 sending message 112 to peer 0x644e4aa09170 (10 bytes)
1743367531.657754 sending message 112 to peer 0x644e4aa09170 (12 bytes)
1743367531.657756 sending message 112 to peer 0x644e4aa09170 (13 bytes)
1743367531.657758 sending message 112 to peer 0x644e4aa09170 (13 bytes)
1743367531.657760 sending message 112 to peer 0x644e4aa09170 (13 bytes)
1743367531.657762 sending message 112 to peer 0x644e4aa09170 (13 bytes)
1743367531.657764 sending message 112 to peer 0x644e4aa09170 (13 bytes)
1743367531.657766 sending message 112 to peer 0x644e4aa09170 (8 bytes)
1743367531.657768 sending message 112 to peer 0x644e4aa09170 (11 bytes)
1743367531.657770 sending message 112 to peer 0x644e4aa09170 (11 bytes)
1743367531.657772 sending message 112 to peer 0x644e4aa09170 (11 bytes)
1743367531.657775 sending message 112 to peer 0x644e4aa09170 (12 bytes)
1743367531.657777 sending message 112 to peer 0x644e4aa09170 (12 bytes)
1743367531.657779 sending message 112 to peer 0x644e4aa09170 (12 bytes)
1743367531.657781 sending message 112 to peer 0x644e4aa09170 (12 bytes)
1743367531.657783 sending message 112 to peer 0x644e4aa09170 (13 bytes)
1743367531.657785 sending message 112 to peer 0x644e4aa09170 (13 bytes)
1743367531.657787 sending message 112 to peer 0x644e4aa09170 (13 bytes)
1743367531.657789 sending message 112 to peer 0x644e4aa09170 (8 bytes)
1743367531.657791 sending message 112 to peer 0x644e4aa09170 (13 bytes)
1743367531.657793 sending message 112 to peer 0x644e4aa09170 (13 bytes)
1743367531.657795 sending message 112 to peer 0x644e4aa09170 (13 bytes)
1743367531.657798 sending message 112 to peer 0x644e4aa09170 (13 bytes)
1743367531.657800 sending message 112 to peer 0x644e4aa09170 (13 bytes)
1743367531.657802 sending message 112 to peer 0x644e4aa09170 (12 bytes)
1743367531.657804 sending message 112 to peer 0x644e4aa09170 (12 bytes)
1743367531.657806 sending message 112 to peer 0x644e4aa09170 (12 bytes)
1743367531.657808 sending message 112 to peer 0x644e4aa09170 (12 bytes)
1743367531.657810 sending message 112 to peer 0x644e4aa09170 (13 bytes)
1743367531.657812 sending message 112 to peer 0x644e4aa09170 (8 bytes)
1743367531.657814 sending message 112 to peer 0x644e4aa09170 (13 bytes)
1743367531.657816 sending message 112 to peer 0x644e4aa09170 (13 bytes)
1743367531.657818 sending message 112 to peer 0x644e4aa09170 (13 bytes)
1743367531.657821 sending message 112 to peer 0x644e4aa09170 (13 bytes)
1743367531.657823 sending message 112 to peer 0x644e4aa09170 (13 bytes)
1743367531.657825 sending message 112 to peer 0x644e4aa09170 (13 bytes)
1743367531.657827 sending message 112 to peer 0x644e4aa09170 (13 bytes)
1743367531.657829 sending message 112 to peer 0x644e4aa09170 (12 bytes)
1743367531.657831 sending message 112 to peer 0x644e4aa09170 (12 bytes)
1743367531.657833 sending message 112 to peer 0x644e4aa09170 (12 bytes)
1743367531.657835 sending message 112 to peer 0x644e4aa09170 (8 bytes)
1743367531.657837 sending message 112 to peer 0x644e4aa09170 (12 bytes)
1743367531.657841 sending message 112 to peer 0x644e4aa09170 (13 bytes)
1743367531.657843 sending message 112 to peer 0x644e4aa09170 (13 bytes)
1743367531.657845 sending message 112 to peer 0x644e4aa09170 (13 bytes)
1743367531.657847 sending message 112 to peer 0x644e4aa09170 (13 bytes)
1743367531.657850 sending message 112 to peer 0x644e4aa09170 (13 bytes)
1743367531.657852 sending message 112 to peer 0x644e4aa09170 (13 bytes)
1743367531.657854 sending message 112 to peer 0x644e4aa09170 (13 bytes)
1743367531.657856 sending message 112 to peer 0x644e4aa09170 (13 bytes)
1743367531.657858 sending message 112 to peer 0x644e4aa09170 (12 bytes)
1743367531.657860 sending message 112 to peer 0x644e4aa09170 (10 bytes)
1743367531.657862 sending message 112 to peer 0x644e4aa09170 (12 bytes)
1743367531.657864 sending message 112 to peer 0x644e4aa09170 (12 bytes)
1743367531.657866 sending message 112 to peer 0x644e4aa09170 (12 bytes)
1743367531.657868 sending message 112 to peer 0x644e4aa09170 (13 bytes)
1743367531.657870 sending message 112 to peer 0x644e4aa09170 (13 bytes)
1743367531.657872 sending message 112 to peer 0x644e4aa09170 (13 bytes)
1743367531.657875 sending message 112 to peer 0x644e4aa09170 (13 bytes)
1743367531.657877 sending message 112 to peer 0x644e4aa09170 (13 bytes)
1743367531.657879 sending message 112 to peer 0x644e4aa09170 (13 bytes)
1743367531.657881 sending message 112 to peer 0x644e4aa09170 (13 bytes)
1743367531.657883 sending message 112 to peer 0x644e4aa09170 (10 bytes)
1743367531.657885 sending message 112 to peer 0x644e4aa09170 (13 bytes)
1743367531.657887 sending message 112 to peer 0x644e4aa09170 (12 bytes)
1743367531.657889 sending message 112 to peer 0x644e4aa09170 (12 bytes)
1743367531.657891 sending message 112 to peer 0x644e4aa09170 (12 bytes)
1743367531.657894 sending message 112 to peer 0x644e4aa09170 (10 bytes)
1743367531.657896 sending message 112 to peer 0x644e4aa09170 (10 bytes)
1743367531.657898 sending message 112 to peer 0x644e4aa09170 (10 bytes)
1743367531.657900 sending message 112 to peer 0x644e4aa09170 (12 bytes)
1743367531.657902 sending message 112 to peer 0x644e4aa09170 (13 bytes)
1743367531.657904 sending message 112 to peer 0x644e4aa09170 (13 bytes)
1743367531.657906 sending message 112 to peer 0x644e4aa09170 (13 bytes)
1743367531.657908 sending message 112 to peer 0x644e4aa09170 (13 bytes)
1743367531.657910 sending message 112 to peer 0x644e4aa09170 (13 bytes)
1743367531.657912 sending message 112 to peer 0x644e4aa09170 (11 bytes)
1743367531.657914 sending message 112 to peer 0x644e4aa09170 (11 bytes)
1743367531.657917 sending message 112 to peer 0x644e4aa09170 (12 bytes)
1743367531.657919 sending message 112 to peer 0x644e4aa09170 (12 bytes)
1743367531.657921 sending message 112 to peer 0x644e4aa09170 (12 bytes)
1743367531.657923 sending message 112 to peer 0x644e4aa09170 (12 bytes)
1743367531.657925 sending message 112 to peer 0x644e4aa09170 (12 bytes)
1743367531.657927 sending message 112 to peer 0x644e4aa09170 (11 bytes)
1743367531.657929 sending message 112 to peer 0x644e4aa09170 (12 bytes)
1743367531.657931 sending message 112 to peer 0x644e4aa09170 (12 bytes)
1743367531.657933 sending message 112 to peer 0x644e4aa09170 (13 bytes)
1743367531.657935 sending message 112 to peer 0x644e4aa09170 (13 bytes)
1743367531.657937 sending message 112 to peer 0x644e4aa09170 (13 bytes)
1743367531.657940 sending message 112 to peer 0x644e4aa09170 (13 bytes)
1743367531.657942 sending message 112 to peer 0x644e4aa09170 (13 bytes)
1743367531.657944 sending message 112 to peer 0x644e4aa09170 (10 bytes)
1743367531.657946 sending message 112 to peer 0x644e4aa09170 (9 bytes)
1743367531.657948 sending message 112 to peer 0x644e4aa09170 (12 bytes)
1743367531.657950 sending message 112 to peer 0x644e4aa09170 (13 bytes)
1743367531.657952 sending message 112 to peer 0x644e4aa09170 (13 bytes)
1743367531.657954 sending message 112 to peer 0x644e4aa09170 (13 bytes)
1743367531.657956 sending message 112 to peer 0x644e4aa09170 (13 bytes)
1743367531.657958 sending message 112 to peer 0x644e4aa09170 (13 bytes)
1743367531.657962 sending message 112 to peer 0x644e4aa09170 (9 bytes)
1743367531.657964 sending message 112 to peer 0x644e4aa09170 (12 bytes)
1743367531.657966 sending message 112 to peer 0x644e4aa09170 (13 bytes)
1743367531.657968 sending message 112 to peer 0x644e4aa09170 (13 bytes)
1743367531.657971 sending message 112 to peer 0x644e4aa09170 (13 bytes)
1743367531.657973 sending message 112 to peer 0x644e4aa09170 (13 bytes)
1743367531.657975 sending message 112 to peer 0x644e4aa09170 (13 bytes)
1743367531.657977 sending message 112 to peer 0x644e4aa09170 (11 bytes)
1743367531.657979 sending message 112 to peer 0x644e4aa09170 (12 bytes)
1743367531.657981 sending message 112 to peer 0x644e4aa09170 (13 bytes)
1743367531.657983 sending message 112 to peer 0x644e4aa09170 (13 bytes)
1743367531.657985 sending message 112 to peer 0x644e4aa09170 (13 bytes)
1743367531.657987 sending message 112 to peer 0x644e4aa09170 (13 bytes)
1743367531.657989 sending message 112 to peer 0x644e4aa09170 (13 bytes)
1743367531.657991 sending message 112 to peer 0x644e4aa09170 (11 bytes)
1743367531.657993 sending message 112 to peer 0x644e4aa09170 (12 bytes)
1743367531.657996 sending message 112 to peer 0x644e4aa09170 (12 bytes)
1743367531.657998 sending message 112 to peer 0x644e4aa09170 (12 bytes)
1743367531.658000 sending message 112 to peer 0x644e4aa09170 (12 bytes)
1743367531.658002 sending message 112 to peer 0x644e4aa09170 (12 bytes)
1743367531.658004 sending message 112 to peer 0x644e4aa09170 (21 bytes)
1743367531.658006 sending message 112 to peer 0x644e4aa09170 (12 bytes)
1743367531.658008 sending message 112 to peer 0x644e4aa09170 (9 bytes)
1743367531.658011 sending message 112 to peer 0x644e4aa09170 (6 bytes)
1743367531.658013 sending message 112 to peer 0x644e4aa09170 (13 bytes)
1743367531.658015 sending message 112 to peer 0x644e4aa09170 (8 bytes)
1743367531.658017 sending message 112 to peer 0x644e4aa09170 (15 bytes)
1743367531.658019 sending message 112 to peer 0x644e4aa09170 (13 bytes)
1743367531.658021 sending message 112 to peer 0x644e4aa09170 (9 bytes)
1743367531.658024 sending message 112 to peer 0x644e4aa09170 (70 bytes)
1743367531.658026 sending message 112 to peer 0x644e4aa09170 (69 bytes)
1743367531.658028 sending message 112 to peer 0x644e4aa09170 (10 bytes)
1743367531.658030 sending message 112 to peer 0x644e4aa09170 (10 bytes)
1743367531.658032 sending message 112 to peer 0x644e4aa09170 (8 bytes)
1743367531.658035 sending message 112 to peer 0x644e4aa09170 (15 bytes)
1743367531.658037 sending message 112 to peer 0x644e4aa09170 (13 bytes)
1743367531.658039 sending message 112 to peer 0x644e4aa09170 (10 bytes)
1743367531.658041 sending message 112 to peer 0x644e4aa09170 (10 bytes)
1743367531.658043 sending message 112 to peer 0x644e4aa09170 (17 bytes)
1743367531.658045 sending message 112 to peer 0x644e4aa09170 (10 bytes)
1743367531.658047 sending message 112 to peer 0x644e4aa09170 (13 bytes)
1743367531.658049 sending message 112 to peer 0x644e4aa09170 (9 bytes)
1743367531.658052 sending message 112 to peer 0x644e4aa09170 (5 bytes)
1743367531.658054 sending message 112 to peer 0x644e4aa09170 (15 bytes)
1743367531.658057 sending message 104 to peer 0x644e4aa09170 (0 bytes)
1743367531.658060 sending message 110 to peer 0x644e4aa09170 (0 bytes)
1743367531.658063 sending message 107 to peer 0x644e4aa09170 (4 bytes)
1743367531.658066 sending message 105 to peer 0x644e4aa09170 (127 bytes)
1743367531.658068 sending message 105 to peer 0x644e4aa09170 (16 bytes)
1743367531.658070 sending message 105 to peer 0x644e4aa09170 (20 bytes)
1743367531.658072 sending message 105 to peer 0x644e4aa09170 (54 bytes)
1743367531.658075 sending message 105 to peer 0x644e4aa09170 (50 bytes)
1743367531.658077 sending message 105 to peer 0x644e4aa09170 (19 bytes)
1743367531.658079 sending message 105 to peer 0x644e4aa09170 (65 bytes)
1743367531.658081 sending message 105 to peer 0x644e4aa09170 (11 bytes)
1743367531.658083 sending message 105 to peer 0x644e4aa09170 (12 bytes)
1743367531.658086 sending message 105 to peer 0x644e4aa09170 (14 bytes)
1743367531.658089 sending message 105 to peer 0x644e4aa09170 (30 bytes)
1743367531.658092 sending message 105 to peer 0x644e4aa09170 (32 bytes)
1743367531.658094 sending message 105 to peer 0x644e4aa09170 (18 bytes)
1743367531.658096 sending message 105 to peer 0x644e4aa09170 (40 bytes)
1743367531.658098 sending message 105 to peer 0x644e4aa09170 (38 bytes)
1743367531.658100 sending message 105 to peer 0x644e4aa09170 (18 bytes)
1743367531.658102 sending message 105 to peer 0x644e4aa09170 (60 bytes)
1743367531.658105 sending message 105 to peer 0x644e4aa09170 (18 bytes)
1743367531.658107 sending message 105 to peer 0x644e4aa09170 (17 bytes)
1743367531.658109 sending message 105 to peer 0x644e4aa09170 (23 bytes)
1743367531.658111 sending message 105 to peer 0x644e4aa09170 (30 bytes)
1743367531.658114 sending message 105 to peer 0x644e4aa09170 (27 bytes)
1743367531.658116 sending message 105 to peer 0x644e4aa09170 (24 bytes)
1743367531.658118 sending message 105 to peer 0x644e4aa09170 (20 bytes)
1743367531.658120 sending message 105 to peer 0x644e4aa09170 (23 bytes)
1743367531.658122 sending message 105 to peer 0x644e4aa09170 (21 bytes)
1743367531.658124 sending message 105 to peer 0x644e4aa09170 (25 bytes)
1743367531.658127 sending message 105 to peer 0x644e4aa09170 (20 bytes)
1743367531.658129 sending message 105 to peer 0x644e4aa09170 (47 bytes)
1743367531.658131 sending message 105 to peer 0x644e4aa09170 (15 bytes)
1743367531.658133 sending message 105 to peer 0x644e4aa09170 (28 bytes)
1743367531.658135 sending message 105 to peer 0x644e4aa09170 (15 bytes)
1743367531.658138 sending message 105 to peer 0x644e4aa09170 (33 bytes)
1743367531.658140 sending message 105 to peer 0x644e4aa09170 (301 bytes)
1743367531.658142 sending message 105 to peer 0x644e4aa09170 (30 bytes)
1743367531.658145 sending message 105 to peer 0x644e4aa09170 (31 bytes)
1743367531.658147 sending message 105 to peer 0x644e4aa09170 (16 bytes)
1743367531.658149 sending message 105 to peer 0x644e4aa09170 (19 bytes)
1743367531.658151 sending message 105 to peer 0x644e4aa09170 (8 bytes)
1743367531.658153 sending message 105 to peer 0x644e4aa09170 (19 bytes)
1743367531.658155 sending message 105 to peer 0x644e4aa09170 (47 bytes)
1743367531.658158 sending message 105 to peer 0x644e4aa09170 (19 bytes)
1743367531.658160 sending message 105 to peer 0x644e4aa09170 (33 bytes)
1743367531.658162 sending message 105 to peer 0x644e4aa09170 (18 bytes)
1743367531.658164 sending message 105 to peer 0x644e4aa09170 (26 bytes)
1743367531.658166 sending message 105 to peer 0x644e4aa09170 (38 bytes)
1743367531.658168 sending message 105 to peer 0x644e4aa09170 (13 bytes)
1743367531.658170 sending message 105 to peer 0x644e4aa09170 (60 bytes)
1743367531.658172 sending message 105 to peer 0x644e4aa09170 (12 bytes)
1743367531.658175 sending message 105 to peer 0x644e4aa09170 (18 bytes)
1743367531.658177 sending message 105 to peer 0x644e4aa09170 (36 bytes)
1743367531.658179 sending message 105 to peer 0x644e4aa09170 (23 bytes)
1743367531.658181 sending message 105 to peer 0x644e4aa09170 (50 bytes)
1743367531.658183 sending message 105 to peer 0x644e4aa09170 (31 bytes)
1743367531.658185 sending message 105 to peer 0x644e4aa09170 (15 bytes)
1743367531.658188 sending message 105 to peer 0x644e4aa09170 (52 bytes)
1743367531.658190 sending message 105 to peer 0x644e4aa09170 (23 bytes)
1743367531.658192 sending message 105 to peer 0x644e4aa09170 (23 bytes)
1743367531.658194 sending message 105 to peer 0x644e4aa09170 (17 bytes)
1743367531.658196 sending message 105 to peer 0x644e4aa09170 (58 bytes)
1743367531.658199 sending message 105 to peer 0x644e4aa09170 (21 bytes)
1743367531.658201 sending message 105 to peer 0x644e4aa09170 (11 bytes)
1743367531.658203 sending message 105 to peer 0x644e4aa09170 (16 bytes)
1743367531.658205 sending message 105 to peer 0x644e4aa09170 (17 bytes)
1743367531.658207 sending message 105 to peer 0x644e4aa09170 (19 bytes)
1743367531.658209 sending message 105 to peer 0x644e4aa09170 (30 bytes)
1743367531.658211 sending message 106 to peer 0x644e4aa09170 (0 bytes)
1743367531.658249 sending message 200 to peer 0x644e4aa09170 (4 bytes)
1743367531.658252 client loop enter
1743367531.658602 peer 0x644e4aa09170 message 303
1743367531.658611 open write file 2 -
1743367531.658619 sending message 305 to peer 0x644e4aa09170 (8 bytes)
1743367531.658635 write check file 2
1743367531.658782 peer 0x644e4aa09170 message 304
1743367531.658788 write 58 to file 2
1743367531.658791 peer 0x644e4aa09170 message 203
1743367531.658793 file 2 58 bytes left
1743367531.658806 write check file 2
1743367531.658808 client loop exit
